# JRE version: OpenJDK Runtime Environment (11.0.5+10) (build 11.0.5+10-b520.38)
# Java VM: OpenJDK 64-Bit Server VM (11.0.5+10-b520.38, mixed mode, tiered, compressed oops, g1 gc, linux-amd64)
Heap:
 garbage-first heap   total 126976K, used 77653K [0x00000000e0000000, 0x0000000100000000)
  region size 1024K, 42 young (43008K), 2 survivors (2048K)
 Metaspace       used 61683K, capacity 63277K, committed 63436K, reserved 309248K
  class space    used 7803K, capacity 8391K, committed 8396K, reserved 253952K
GC Heap History (20 events):
Event: 1.333 GC heap before
{Heap before GC invocations=2 (full 0):
 garbage-first heap   total 126976K, used 41467K [0x00000000e0000000, 0x0000000100000000)
  region size 1024K, 33 young (33792K), 4 survivors (4096K)
 Metaspace       used 17734K, capacity 18200K, committed 18560K, reserved 270336K
  class space    used 2155K, capacity 2306K, committed 2432K, reserved 253952K
}
Event: 1.341 GC heap after
{Heap after GC invocations=3 (full 0):
 garbage-first heap   total 126976K, used 14149K [0x00000000e0000000, 0x0000000100000000)
  region size 1024K, 3 young (3072K), 3 survivors (3072K)
 Metaspace       used 17734K, capacity 18200K, committed 18560K, reserved 270336K
  class space    used 2155K, capacity 2306K, committed 2432K, reserved 253952K
}
Event: 1.982 GC heap before
{Heap before GC invocations=3 (full 0):
 garbage-first heap   total 126976K, used 36677K [0x00000000e0000000, 0x0000000100000000)
  region size 1024K, 26 young (26624K), 3 survivors (3072K)
 Metaspace       used 20627K, capacity 21032K, committed 21248K, reserved 272384K
  class space    used 2632K, capacity 2764K, committed 2816K, reserved 253952K
}
Event: 1.986 GC heap after
{Heap after GC invocations=4 (full 0):
 garbage-first heap   total 126976K, used 15212K [0x00000000e0000000, 0x0000000100000000)
  region size 1024K, 4 young (4096K), 4 survivors (4096K)
 Metaspace       used 20627K, capacity 21032K, committed 21248K, reserved 272384K
  class space    used 2632K, capacity 2764K, committed 2816K, reserved 253952K
}
Event: 3.044 GC heap before
{Heap before GC invocations=5 (full 0):
 garbage-first heap   total 126976K, used 61292K [0x00000000e0000000, 0x0000000100000000)
  region size 1024K, 49 young (50176K), 4 survivors (4096K)
 Metaspace       used 29590K, capacity 30109K, committed 30592K, reserved 280576K
  class space    used 3761K, capacity 3950K, committed 3968K, reserved 253952K
}
Event: 3.057 GC heap after
{Heap after GC invocations=6 (full 0):
 garbage-first heap   total 126976K, used 18839K [0x00000000e0000000, 0x0000000100000000)
  region size 1024K, 7 young (7168K), 7 survivors (7168K)
 Metaspace       used 29590K, capacity 30109K, committed 30592K, reserved 280576K
  class space    used 3761K, capacity 3950K, committed 3968K, reserved 253952K
}
Event: 3.693 GC heap before
{Heap before GC invocations=6 (full 0):
 garbage-first heap   total 126976K, used 54679K [0x00000000e0000000, 0x0000000100000000)
  region size 1024K, 41 young (41984K), 7 survivors (7168K)
 Metaspace       used 34726K, capacity 35392K, committed 35840K, reserved 286720K
  class space    used 4194K, capacity 4465K, committed 4480K, reserved 253952K
}
Event: 3.702 GC heap after
{Heap after GC invocations=7 (full 0):
 garbage-first heap   total 126976K, used 21094K [0x00000000e0000000, 0x0000000100000000)
  region size 1024K, 6 young (6144K), 6 survivors (6144K)
 Metaspace       used 34726K, capacity 35392K, committed 35840K, reserved 286720K
  class space    used 4194K, capacity 4465K, committed 4480K, reserved 253952K
}
Event: 4.755 GC heap before
{Heap before GC invocations=8 (full 0):
 garbage-first heap   total 126976K, used 76390K [0x00000000e0000000, 0x0000000100000000)
  region size 1024K, 61 young (62464K), 6 survivors (6144K)
 Metaspace       used 40676K, capacity 41414K, committed 41984K, reserved 290816K
  class space    used 5075K, capacity 5340K, committed 5376K, reserved 253952K
}
Event: 4.764 GC heap after
{Heap after GC invocations=9 (full 0):
 garbage-first heap   total 126976K, used 23149K [0x00000000e0000000, 0x0000000100000000)
  region size 1024K, 5 young (5120K), 5 survivors (5120K)
 Metaspace       used 40676K, capacity 41414K, committed 41984K, reserved 290816K
  class space    used 5075K, capacity 5340K, committed 5376K, reserved 253952K
}
Event: 5.554 GC heap before
{Heap before GC invocations=9 (full 0):
 garbage-first heap   total 126976K, used 82541K [0x00000000e0000000, 0x0000000100000000)
  region size 1024K, 63 young (64512K), 5 survivors (5120K)
 Metaspace       used 45324K, capacity 46152K, committed 46848K, reserved 294912K
  class space    used 5843K, capacity 6092K, committed 6144K, reserved 253952K
}
Event: 5.572 GC heap after
{Heap after GC invocations=10 (full 0):
 garbage-first heap   total 126976K, used 27290K [0x00000000e0000000, 0x0000000100000000)
  region size 1024K, 8 young (8192K), 8 survivors (8192K)
 Metaspace       used 45324K, capacity 46152K, committed 46848K, reserved 294912K
  class space    used 5843K, capacity 6092K, committed 6144K, reserved 253952K
}
Event: 6.797 GC heap before
{Heap before GC invocations=10 (full 0):
 garbage-first heap   total 126976K, used 91802K [0x00000000e0000000, 0x0000000100000000)
  region size 1024K, 72 young (73728K), 8 survivors (8192K)
 Metaspace       used 54680K, capacity 55711K, committed 56448K, reserved 303104K
  class space    used 7106K, capacity 7459K, committed 7552K, reserved 253952K
}
Event: 6.817 GC heap after
{Heap after GC invocations=11 (full 0):
 garbage-first heap   total 126976K, used 32377K [0x00000000e0000000, 0x0000000100000000)
  region size 1024K, 9 young (9216K), 9 survivors (9216K)
 Metaspace       used 54680K, capacity 55711K, committed 56448K, reserved 303104K
  class space    used 7106K, capacity 7459K, committed 7552K, reserved 253952K
}
Event: 19.118 GC heap before
{Heap before GC invocations=11 (full 0):
 garbage-first heap   total 126976K, used 93817K [0x00000000e0000000, 0x0000000100000000)
  region size 1024K, 70 young (71680K), 9 survivors (9216K)
 Metaspace       used 58434K, capacity 59678K, committed 60032K, reserved 307200K
  class space    used 7517K, capacity 8001K, committed 8064K, reserved 253952K
}
Event: 19.149 GC heap after
{Heap after GC invocations=12 (full 0):
 garbage-first heap   total 126976K, used 37182K [0x00000000e0000000, 0x0000000100000000)
  region size 1024K, 9 young (9216K), 9 survivors (9216K)
 Metaspace       used 58434K, capacity 59678K, committed 60032K, reserved 307200K
  class space    used 7517K, capacity 8001K, committed 8064K, reserved 253952K
}
Event: 19.211 GC heap before
{Heap before GC invocations=12 (full 0):
 garbage-first heap   total 126976K, used 40254K [0x00000000e0000000, 0x0000000100000000)
  region size 1024K, 13 young (13312K), 9 survivors (9216K)
 Metaspace       used 58734K, capacity 59978K, committed 60160K, reserved 307200K
  class space    used 7555K, capacity 8035K, committed 8064K, reserved 253952K
}
Event: 19.226 GC heap after
{Heap after GC invocations=13 (full 0):
 garbage-first heap   total 126976K, used 38310K [0x00000000e0000000, 0x0000000100000000)
  region size 1024K, 2 young (2048K), 2 survivors (2048K)
 Metaspace       used 58734K, capacity 59978K, committed 60160K, reserved 307200K
  class space    used 7555K, capacity 8035K, committed 8064K, reserved 253952K
}
Event: 93.743 GC heap before
{Heap before GC invocations=14 (full 0):
 garbage-first heap   total 126976K, used 78246K [0x00000000e0000000, 0x0000000100000000)
  region size 1024K, 42 young (43008K), 2 survivors (2048K)
 Metaspace       used 60682K, capacity 62056K, committed 62284K, reserved 309248K
  class space    used 7760K, capacity 8264K, committed 8268K, reserved 253952K
}
Event: 93.761 GC heap after
{Heap after GC invocations=15 (full 0):
 garbage-first heap   total 126976K, used 38741K [0x00000000e0000000, 0x0000000100000000)
  region size 1024K, 2 young (2048K), 2 survivors (2048K)
 Metaspace       used 60682K, capacity 62056K, committed 62284K, reserved 309248K
  class space    used 7760K, capacity 8264K, committed 8268K, reserved 253952K
}

